
 Automatic inicialization...
	nodal pressures:	5 mwc 
	edge mass flow rates:	100 kg/s ...
======================================
 STACI v.3.0
 (c) BME Dept. of Hydrodynamic Systems
 (c) Cs. Hos (cshos@hds.bme.hu), R. Weber (rweber@hds.bme.hu), T. Huzsvar (thuzsvar@hds.bme.hu)
 info: www.hds.bme.hu\staci_web
======================================

 date: Mon Mar 25 10:44:46 2019

 input file: lin_alap_9.spr

 Automatic inicialization...
	nodal pressures:	5 mwc 
	edge mass flow rates:	100 kg/s ...
======================================
 STACI v.3.0
 (c) BME Dept. of Hydrodynamic Systems
 (c) Cs. Hos (cshos@hds.bme.hu), R. Weber (rweber@hds.bme.hu), T. Huzsvar (thuzsvar@hds.bme.hu)
 info: www.hds.bme.hu\staci_web
======================================

 date: Mon Mar 25 10:44:46 2019

 input file: lin_alap_9.spr

 Automatic inicialization...
	nodal pressures:	5 mwc 
	edge mass flow rates:	100 kg/s ...